[01-Jun-2015 23:37:21 UTC] PHP Parse error:  syntax error, unexpected '$html' (T_VARIABLE) in /home/ubuntu/workspace/public/index.php on line 15
[01-Jun-2015 23:37:38 UTC] PHP Fatal error:  Class 'Template' not found in /home/ubuntu/workspace/public/index.php on line 15
[01-Jun-2015 23:37:38 UTC] PHP Stack trace:
[01-Jun-2015 23:37:38 UTC] PHP   1. {main}() /home/ubuntu/workspace/public/index.php:0
[01-Jun-2015 23:38:29 UTC] PHP Parse error:  syntax error, unexpected '$html' (T_VARIABLE) in /home/ubuntu/workspace/public/index.php on line 15
[01-Jun-2015 23:38:50 UTC] PHP Parse error:  syntax error, unexpected '$html' (T_VARIABLE) in /home/ubuntu/workspace/public/index.php on line 15
[01-Jun-2015 23:39:45 UTC] PHP Catchable fatal error:  Argument 2 passed to Template::render() must be of the type array, null given, called in /home/ubuntu/workspace/public/index.php on line 15 and defined in /home/ubuntu/workspace/Course/Template.php on line 5
[01-Jun-2015 23:39:45 UTC] PHP Stack trace:
[01-Jun-2015 23:39:45 UTC] PHP   1. {main}() /home/ubuntu/workspace/public/index.php:0
[01-Jun-2015 23:39:45 UTC] PHP   2. Template::render() /home/ubuntu/workspace/public/index.php:15
[01-Jun-2015 23:40:36 UTC] PHP Warning:  include(../templates/pdf/pdf/certificate.php): failed to open stream: No such file or directory in /home/ubuntu/workspace/Course/Template.php on line 9
[01-Jun-2015 23:40:36 UTC] PHP Stack trace:
[01-Jun-2015 23:40:36 UTC] PHP   1. {main}() /home/ubuntu/workspace/public/index.php:0
[01-Jun-2015 23:40:36 UTC] PHP   2. Template::render() /home/ubuntu/workspace/public/index.php:20
[01-Jun-2015 23:40:36 UTC] PHP Warning:  include(): Failed opening '../templates/pdf/pdf/certificate.php' for inclusion (include_path='.:/usr/share/php:/usr/share/pear') in /home/ubuntu/workspace/Course/Template.php on line 9
[01-Jun-2015 23:40:36 UTC] PHP Stack trace:
[01-Jun-2015 23:40:36 UTC] PHP   1. {main}() /home/ubuntu/workspace/public/index.php:0
[01-Jun-2015 23:40:36 UTC] PHP   2. Template::render() /home/ubuntu/workspace/public/index.php:20
[01-Jun-2015 23:41:59 UTC] PHP Warning:  include(../templates/pdf/pdf/certificate.php): failed to open stream: No such file or directory in /home/ubuntu/workspace/Course/Template.php on line 9
[01-Jun-2015 23:41:59 UTC] PHP Stack trace:
[01-Jun-2015 23:41:59 UTC] PHP   1. {main}() /home/ubuntu/workspace/public/index.php:0
[01-Jun-2015 23:41:59 UTC] PHP   2. Template::render() /home/ubuntu/workspace/public/index.php:20
[01-Jun-2015 23:41:59 UTC] PHP Warning:  include(): Failed opening '../templates/pdf/pdf/certificate.php' for inclusion (include_path='.:/usr/share/php:/usr/share/pear') in /home/ubuntu/workspace/Course/Template.php on line 9
[01-Jun-2015 23:41:59 UTC] PHP Stack trace:
[01-Jun-2015 23:41:59 UTC] PHP   1. {main}() /home/ubuntu/workspace/public/index.php:0
[01-Jun-2015 23:41:59 UTC] PHP   2. Template::render() /home/ubuntu/workspace/public/index.php:20
[01-Jun-2015 23:42:50 UTC] PHP Warning:  include(../templates/pdf/pdf/certificate.php): failed to open stream: No such file or directory in /home/ubuntu/workspace/Course/Template.php on line 9
[01-Jun-2015 23:42:50 UTC] PHP Stack trace:
[01-Jun-2015 23:42:50 UTC] PHP   1. {main}() /home/ubuntu/workspace/public/index.php:0
[01-Jun-2015 23:42:50 UTC] PHP   2. Template::render() /home/ubuntu/workspace/public/index.php:20
[01-Jun-2015 23:42:50 UTC] PHP Warning:  include(): Failed opening '../templates/pdf/pdf/certificate.php' for inclusion (include_path='.:/usr/share/php:/usr/share/pear') in /home/ubuntu/workspace/Course/Template.php on line 9
[01-Jun-2015 23:42:50 UTC] PHP Stack trace:
[01-Jun-2015 23:42:50 UTC] PHP   1. {main}() /home/ubuntu/workspace/public/index.php:0
[01-Jun-2015 23:42:50 UTC] PHP   2. Template::render() /home/ubuntu/workspace/public/index.php:20
[01-Jun-2015 23:57:20 UTC] PHP Warning:  require(../Course/Pdf.php): failed to open stream: No such file or directory in /home/ubuntu/workspace/public/index.php on line 7
[01-Jun-2015 23:57:20 UTC] PHP Stack trace:
[01-Jun-2015 23:57:20 UTC] PHP   1. {main}() /home/ubuntu/workspace/public/index.php:0
[01-Jun-2015 23:57:20 UTC] PHP Fatal error:  require(): Failed opening required '../Course/Pdf.php' (include_path='.:/usr/share/php:/usr/share/pear') in /home/ubuntu/workspace/public/index.php on line 7
[01-Jun-2015 23:57:20 UTC] PHP Stack trace:
[01-Jun-2015 23:57:20 UTC] PHP   1. {main}() /home/ubuntu/workspace/public/index.php:0
[02-Jun-2015 00:03:01 UTC] PHP Fatal error:  Class 'Template' not found in /home/ubuntu/workspace/public/index.php on line 17
[02-Jun-2015 00:03:01 UTC] PHP Stack trace:
[02-Jun-2015 00:03:01 UTC] PHP   1. {main}() /home/ubuntu/workspace/public/index.php:0
[02-Jun-2015 00:06:25 UTC] PHP Fatal error:  Class 'Pdf' not found in /home/ubuntu/workspace/public/index.php on line 14
[02-Jun-2015 00:06:25 UTC] PHP Stack trace:
[02-Jun-2015 00:06:25 UTC] PHP   1. {main}() /home/ubuntu/workspace/public/index.php:0
[02-Jun-2015 00:13:20 UTC] PHP Fatal error:  Class 'Test' not found in /home/ubuntu/workspace/public/index.php on line 12
[02-Jun-2015 00:13:20 UTC] PHP Stack trace:
[02-Jun-2015 00:13:20 UTC] PHP   1. {main}() /home/ubuntu/workspace/public/index.php:0
[02-Jun-2015 00:22:21 UTC] PHP Fatal error:  Class 'Test' not found in /home/ubuntu/workspace/public/index.php on line 12
[02-Jun-2015 00:22:21 UTC] PHP Stack trace:
[02-Jun-2015 00:22:21 UTC] PHP   1. {main}() /home/ubuntu/workspace/public/index.php:0
[02-Jun-2015 00:22:48 UTC] PHP Fatal error:  Class 'App\Test' not found in /home/ubuntu/workspace/public/index.php on line 12
[02-Jun-2015 00:22:48 UTC] PHP Stack trace:
[02-Jun-2015 00:22:48 UTC] PHP   1. {main}() /home/ubuntu/workspace/public/index.php:0
[02-Jun-2015 00:23:52 UTC] PHP Fatal error:  Class 'App\DOMPDF' not found in /home/ubuntu/workspace/Course/pdf.php on line 21
[02-Jun-2015 00:23:52 UTC] PHP Stack trace:
[02-Jun-2015 00:23:52 UTC] PHP   1. {main}() /home/ubuntu/workspace/public/index.php:0
[02-Jun-2015 00:23:52 UTC] PHP   2. App\pdf::render() /home/ubuntu/workspace/public/index.php:14
[02-Jun-2015 01:14:42 UTC] PHP Fatal error:  Class 'App\Core\View\Template' not found in /home/ubuntu/workspace/public/index.php on line 12
[02-Jun-2015 01:14:42 UTC] PHP Stack trace:
[02-Jun-2015 01:14:42 UTC] PHP   1. {main}() /home/ubuntu/workspace/public/index.php:0
[02-Jun-2015 01:18:37 UTC] PHP Fatal error:  Class 'App\Helpers\pdf' not found in /home/ubuntu/workspace/public/index.php on line 14
[02-Jun-2015 01:18:37 UTC] PHP Stack trace:
[02-Jun-2015 01:18:37 UTC] PHP   1. {main}() /home/ubuntu/workspace/public/index.php:0
